<?xml version="1.0" encoding="UTF-8"?>
<!-- Generated by org.testng.reporters.JUnitXMLReporter -->
<testsuite ignored="0" hostname="SYPULCND1166F7V" failures="0" tests="3" name="Tendable Automation Test" time="23.937" errors="0" timestamp="2023-12-16T02:20:43 IST">
  <testcase classname="com.tendable.Tests.HomePageTest" name="verifyTendableLogo" time="0.211"/>
  <testcase classname="com.tendable.Tests.HomePageTest" name="verifyRequestDemo" time="0.073"/>
  <testcase classname="com.tendable.Tests.ContactUsTest" name="contactUsTest" time="4.404"/>
</testsuite> <!-- Tendable Automation Test -->
