<?xml version="1.0" encoding="UTF-8"?>
<!-- Generated by org.testng.reporters.JUnitXMLReporter -->
<testsuite ignored="1" hostname="SYPULCND1166F7V" failures="0" tests="2" name="Car Loan" time="0.004" errors="0" timestamp="2023-11-15T11:22:28 IST">
  <testcase classname="TestNGPractice.Day3" name="loginAPIcarloan" time="0.0"/>
  <testcase classname="TestNGPractice.Day3" name="webLoginCarLoan" time="0.001"/>
  <testcase classname="TestNGPractice.Day3" name="mobileLoginCarLoan" time="0.0">
    <ignored/>
  </testcase> <!-- mobileLoginCarLoan -->
</testsuite> <!-- Car Loan -->
