<?xml version="1.0" encoding="UTF-8"?>
<!-- Generated by org.testng.reporters.JUnitXMLReporter -->
<testsuite ignored="2" hostname="SYPULCND1166F7V" failures="0" tests="1" name="Home Loan" time="0.002" errors="0" timestamp="2023-11-15T11:22:28 IST">
  <testcase classname="TestNGPractice.Day4" name="webLoginHomeLoan" time="0.001"/>
  <testcase classname="TestNGPractice.Day4" name="mobileLoginHomeLoan" time="0.0">
    <ignored/>
  </testcase> <!-- mobileLoginHomeLoan -->
  <testcase classname="TestNGPractice.Day4" name="loginAPIHomeloan" time="0.0">
    <ignored/>
  </testcase> <!-- loginAPIHomeloan -->
</testsuite> <!-- Home Loan -->
