<?xml version="1.0" encoding="UTF-8"?>
<!-- Generated by org.testng.reporters.JUnitXMLReporter -->
<testsuite ignored="0" hostname="SYPULCND1166F7V" failures="0" tests="3" name="Personal Loan" time="0.056" errors="0" timestamp="2023-11-15T11:22:28 IST">
  <testcase classname="TestNGPractice.Day1" name="demo" time="0.004"/>
  <testcase classname="TestNGPractice.Day1" name="secondTest" time="0.001"/>
  <testcase classname="TestNGPractice.Day2" name="ploan" time="0.001"/>
</testsuite> <!-- Personal Loan -->
